<?xml version="1.0" encoding="UTF-8"?>
<!-- Generated by org.testng.reporters.JUnitXMLReporter -->
<testsuite hostname="DESKTOP-OG6M8M9" ignored="0" name="Default test" tests="4" failures="0" timestamp="26 Oct 2020 21:12:48 GMT" time="4.233" errors="0">
  <testcase name="api_for_foreign_exchange" time="0.934" classname="stepDefinitions.TestNG_Report_Step"/>
  <testcase name="posted_with_correct_information" time="2.783" classname="stepDefinitions.TestNG_Report_Step"/>
  <testcase name="posted_with_correct_information" time="0.446" classname="stepDefinitions.TestNG_Report_Step"/>
  <testcase name="validate_positive_response_code_received" time="0.01" classname="stepDefinitions.TestNG_Report_Step"/>
</testsuite> <!-- Default test -->
